<?xml version="1.0" encoding="UTF-8"?>
<testsuite xmlns:xsi="http://www.w3.org/2001/XMLSchema-instance" xsi:noNamespaceSchemaLocation="https://maven.apache.org/surefire/maven-failsafe-plugin/xsd/failsafe-test-report-3.0.xsd" version="3.0" name="Gestion de ordenes" time="9.362" tests="10" errors="0" skipped="0" failures="0">
  <properties>
[...]
</properties>
  <testcase name="Crear orden #1" classname="Gestion de ordenes" time="4.16">
    <system-out><![CDATA[12:02:22.406 [main] DEBUG net.thucydides.core.util.PropertiesFileLocalPreferences - LOADING LOCAL PROPERTIES FROM C:\Users\MSI\Desktop\QAInnovationLab-automation-api\QAInnovationLab-automation-api\serenity.properties 

12:02:22.428 [main] DEBUG net.thucydides.core.util.PropertiesFileLocalPreferences - LOADING LOCAL PROPERTIES FROM C:\Users\MSI\Desktop\QAInnovationLab-automation-api\QAInnovationLab-automation-api\serenity.properties 

12:02:22.429 [main] DEBUG net.thucydides.core.util.PropertiesFileLocalPreferences - LOADING LOCAL PROPERTIES FROM C:\Users\MSI\Desktop\QAInnovationLab-automation-api\QAInnovationLab-automation-api\serenity.properties 

12:02:22.447 [main] DEBUG net.thucydides.core.util.PropertiesFileLocalPreferences - serenity.project.name=Serenity and Cucumber QA Innovation Lab

12:02:22.954 [pool-2-thread-1] INFO io.cucumber.core.plugin.SerenityReporter - Running feature from classpath:features/Gestionar_orden.feature

12:02:23.166 [pool-2-thread-1] DEBUG net.thucydides.core.util.PropertiesFileLocalPreferences - LOADING LOCAL PROPERTIES FROM C:\Users\MSI\Desktop\QAInnovationLab-automation-api\QAInnovationLab-automation-api\serenity.properties 

12:02:23.175 [pool-2-thread-1] DEBUG net.thucydides.core.util.PropertiesFileLocalPreferences - LOADING LOCAL PROPERTIES FROM C:\Users\MSI\Desktop\QAInnovationLab-automation-api\QAInnovationLab-automation-api\serenity.properties 

12:02:23.176 [pool-2-thread-1] DEBUG net.thucydides.core.util.PropertiesFileLocalPreferences - LOADING LOCAL PROPERTIES FROM C:\Users\MSI\Desktop\QAInnovationLab-automation-api\QAInnovationLab-automation-api\serenity.properties 

12:02:23.177 [pool-2-thread-1] DEBUG net.thucydides.core.util.PropertiesFileLocalPreferences - serenity.project.name=Serenity and Cucumber QA Innovation Lab

12:02:23.192 [pool-2-thread-1] INFO  - 

-------------------------------------------------------------------------------------
     _______. _______ .______       _______ .__   __.  __  .___________.____    ____ 
    /       ||   ____||   _  \     |   ____||  \ |  | |  | |           |\   \  /   / 
   |   (----`|  |__   |  |_)  |    |  |__   |   \|  | |  | `---|  |----` \   \/   /  
    \   \    |   __|  |      /     |   __|  |  . `  | |  |     |  |       \_    _/   
.----)   |   |  |____ |  |\  \----.|  |____ |  |\   | |  |     |  |         |  |     
|_______/    |_______|| _| `._____||_______||__| \__| |__|     |__|         |__|    
                                                                                     
 News and tutorials at http://www.serenity-bdd.info                                  
 Documentation at https://wakaleo.gitbooks.io/the-serenity-book/content/             
 Join the Serenity Community on Gitter: https://gitter.im/serenity-bdd/serenity-core 
 Serenity BDD Support and Training at http://serenity-bdd.info/#/trainingandsupport  
-------------------------------------------------------------------------------------


12:02:23.197 [pool-2-thread-1] DEBUG net.thucydides.core.steps.StepEventBus - Test suite started for story net.thucydides.core.model.Story@dcd34268

12:02:23.200 [pool-2-thread-1] INFO  - Test Suite Started: Gestion de ordenes



10
 Scenarios (
&amp#27;[32m10 passed&amp#27;[0m
)


30
 Steps (
&amp#27;[32m30 passed&amp#27;[0m
)


0m
9.641s






12:02:32.598 [pool-2-thread-1] DEBUG net.thucydides.core.reports.ReportService - Reporting formats: [JSON, HTML]

12:02:32.673 [pool-2-thread-1] DEBUG net.thucydides.core.reports.ReportService - Reporting formats: [JSON, HTML]

12:02:32.685 [pool-2-thread-1] DEBUG net.thucydides.core.reports.ReportService - Generating reports for 2 test outcomes using: net.thucydides.core.reports.json.JSONTestOutcomeReporter@500afa3

12:02:32.685 [pool-2-thread-2] DEBUG net.thucydides.core.reports.ReportService - Processing test outcome Gestion de ordenes:Consultar orden

12:02:32.685 [pool-2-thread-2] INFO net.thucydides.core.reports.ReportService - net.thucydides.core.reports.json.JSONTestOutcomeReporter@500afa3: Generating report for test outcome: Gestion de ordenes:Consultar orden

12:02:32.685 [pool-2-thread-1] DEBUG net.thucydides.core.reports.ReportService - Processing test outcome Gestion de ordenes:Crear orden

12:02:32.685 [pool-2-thread-1] INFO net.thucydides.core.reports.ReportService - net.thucydides.core.reports.json.JSONTestOutcomeReporter@500afa3: Generating report for test outcome: Gestion de ordenes:Crear orden

12:02:32.697 [pool-2-thread-1] DEBUG net.thucydides.core.reports.json.JSONTestOutcomeReporter - Generating JSON report for Crear orden to file C:\Users\MSI\Desktop\QAInnovationLab-automation-api\QAInnovationLab-automation-api\target\site\serenity\137e884bb683dd9cda14e7cd27d4107bf23f1804adadc67f6c6b3c9b567768b5.json (using temp file C:\Users\MSI\Desktop\QAInnovationLab-automation-api\QAInnovationLab-automation-api\target\site\serenity\137e884bb683dd9cda14e7cd27d4107bf23f1804adadc67f6c6b3c9b567768b5.json87e3b95a-2eb9-4d1a-96de-38bec66ba987)

12:02:32.697 [pool-2-thread-2] DEBUG net.thucydides.core.reports.json.JSONTestOutcomeReporter - Generating JSON report for Consultar orden to file C:\Users\MSI\Desktop\QAInnovationLab-automation-api\QAInnovationLab-automation-api\target\site\serenity\bbffb8b52f332bd164430e59d7791ebf62d45e5f0d8b024f97253492114bd708.json (using temp file C:\Users\MSI\Desktop\QAInnovationLab-automation-api\QAInnovationLab-automation-api\target\site\serenity\bbffb8b52f332bd164430e59d7791ebf62d45e5f0d8b024f97253492114bd708.json95074038-ebb6-44c0-bb78-ebd245d11fca)

12:02:32.758 [pool-2-thread-1] DEBUG net.thucydides.core.reports.ReportService - Processing test outcome Gestion de ordenes:Crear orden done

12:02:32.758 [pool-2-thread-2] DEBUG net.thucydides.core.reports.ReportService - Processing test outcome Gestion de ordenes:Consultar orden done

12:02:32.761 [pool-2-thread-1] DEBUG net.thucydides.core.reports.ReportService - Shutting down executor service

12:02:32.762 [pool-2-thread-1] DEBUG net.thucydides.core.reports.ReportService - Reports generated in: 77 ms

12:02:32.763 [pool-2-thread-1] DEBUG net.thucydides.core.reports.ReportService - Generating reports for 2 test outcomes using: net.thucydides.core.reports.html.HtmlAcceptanceTestReporter@8fbd914

12:02:32.764 [pool-3-thread-1] DEBUG net.thucydides.core.reports.ReportService - Processing test outcome Gestion de ordenes:Crear orden

12:02:32.764 [pool-3-thread-2] DEBUG net.thucydides.core.reports.ReportService - Processing test outcome Gestion de ordenes:Consultar orden

12:02:32.764 [pool-3-thread-1] INFO net.thucydides.core.reports.ReportService - net.thucydides.core.reports.html.HtmlAcceptanceTestReporter@8fbd914: Generating report for test outcome: Gestion de ordenes:Crear orden

12:02:32.765 [pool-3-thread-2] INFO net.thucydides.core.reports.ReportService - net.thucydides.core.reports.html.HtmlAcceptanceTestReporter@8fbd914: Generating report for test outcome: Gestion de ordenes:Consultar orden

12:02:32.807 [pool-3-thread-2] DEBUG net.thucydides.core.requirements.model.cucumber.CucumberParser - Added feature Gestion de ordenes

12:02:32.807 [pool-3-thread-1] DEBUG net.thucydides.core.requirements.model.cucumber.CucumberParser - Added feature Gestion de ordenes

12:02:32.814 [pool-3-thread-2] DEBUG net.thucydides.core.requirements.BaseRequirementsService - Requirement found for test outcome Consultar orden-[]: Optional[Requirement{name='Gestion de ordenes', type='feature' parent = 'null', cardNumber='null'}]

12:02:32.814 [pool-3-thread-1] DEBUG net.thucydides.core.requirements.BaseRequirementsService - Requirement found for test outcome Crear orden-[]: Optional[Requirement{name='Gestion de ordenes', type='feature' parent = 'null', cardNumber='null'}]

12:02:32.817 [pool-3-thread-1] DEBUG net.thucydides.core.requirements.BaseRequirementsService - Requirement found for test outcome Crear orden-[]: Optional[Requirement{name='Gestion de ordenes', type='feature' parent = 'null', cardNumber='null'}]

12:02:32.817 [pool-3-thread-2] DEBUG net.thucydides.core.requirements.BaseRequirementsService - Requirement found for test outcome Consultar orden-[]: Optional[Requirement{name='Gestion de ordenes', type='feature' parent = 'null', cardNumber='null'}]

12:02:33.533 [pool-3-thread-1] DEBUG serenity.reporting - Generating report in 137e884bb683dd9cda14e7cd27d4107bf23f1804adadc67f6c6b3c9b567768b5.html

12:02:33.533 [pool-3-thread-2] DEBUG serenity.reporting - Generating report in bbffb8b52f332bd164430e59d7791ebf62d45e5f0d8b024f97253492114bd708.html

12:02:34.137 [pool-3-thread-1] DEBUG serenity.reporting - Generated report 137e884bb683dd9cda14e7cd27d4107bf23f1804adadc67f6c6b3c9b567768b5.html in 604 ms

12:02:34.137 [pool-3-thread-1] DEBUG net.thucydides.core.reports.ReportService - Processing test outcome Gestion de ordenes:Crear orden done

12:02:34.150 [pool-3-thread-2] DEBUG serenity.reporting - Generated report bbffb8b52f332bd164430e59d7791ebf62d45e5f0d8b024f97253492114bd708.html in 617 ms

12:02:34.151 [pool-3-thread-2] DEBUG net.thucydides.core.reports.ReportService - Processing test outcome Gestion de ordenes:Consultar orden done

12:02:34.151 [pool-2-thread-1] DEBUG net.thucydides.core.reports.ReportService - Shutting down executor service

12:02:34.151 [pool-2-thread-1] DEBUG net.thucydides.core.reports.ReportService - Reports generated in: 1388 ms

12:02:34.457 [pool-2-thread-1] INFO io.cucumber.core.plugin.SerenityReporter - Cleanup test resources for URI classpath:features/Gestionar_orden.feature


@gestionOrden @crearOrden
Scenario Outline: Crear orden        &amp#27;[90m# features/Gestionar_orden.feature:10&amp#27;[0m
12:02:23.402 [pool-2-thread-1] INFO io.cucumber.core.plugin.SerenityReporter - Running feature from classpath:features/Gestionar_orden.feature
12:02:23.494 [pool-2-thread-1] INFO  - 
  _____   ___   ___   _____     ___   _____     _     ___   _____   ___   ___  
 |_   _| | __| / __| |_   _|   / __| |_   _|   /_\   | _ \ |_   _| | __| |   \ 
   | |   | _|  \__ \   | |     \__ \   | |    / _ \  |   /   | |   | _|  | |) |
   |_|   |___| |___/   |_|     |___/   |_|   /_/ \_\ |_|_\   |_|   |___| |___/ 

Crear orden(gestion-de-ordenes;crear-orden)
--------------------------------------------------------------------------------
12:02:23.567 [pool-2-thread-1] DEBUG net.thucydides.core.requirements.model.cucumber.CucumberParser - Added feature Gestion de ordenes
12:02:24.006 [pool-2-thread-1] DEBUG net.thucydides.core.steps.StepInterceptor - STARTING STEP: OrdenStepsDefs.crearOrden - Crear orden {0} en PetStore
Request method:	POST
Request URI:	https://petstore.swagger.io/v2/store/order
Proxy:			<none>
Request params:	<none>
Query params:	<none>
Form params:	<none>
Path params:	<none>
Headers:		Accept=*/*
				Content-Type=application/json; charset=UTF-8
Cookies:		<none>
Multiparts:		<none>
Body:
{
    "id": 1,
    "petId": 0,
    "quantity": 0,
    "shipDate": "2024-08-28T13:12:00.899Z",
    "status": "placed",
    "complete": true
}
HTTP/1.1 200 OK
Date: Wed, 28 Aug 2024 17:02:28 GMT
Content-Type: application/json
Transfer-Encoding: chunked
Connection: keep-alive
Access-Control-Allow-Origin: *
Access-Control-Allow-Methods: GET, POST, DELETE, PUT
Access-Control-Allow-Headers: Content-Type, api_key, Authorization
Server: Jetty(9.2.9.v20150224)

{
    "id": 1,
    "petId": 0,
    "quantity": 0,
    "shipDate": "2024-08-28T13:12:00.899+0000",
    "status": "placed",
    "complete": true
}
12:02:27.346 [pool-2-thread-1] DEBUG net.thucydides.core.steps.StepInterceptor - STEP DONE: Crear orden {0} en PetStore
  &amp#27;[32mWhen &amp#27;[0m&amp#27;[32mcreo la orden con id &amp#27;[0m&amp#27;[32m&amp#27;[1m1&amp#27;[0m        &amp#27;[90m# com.nttdata.glue.OrdenStepsDefs.crearOrden(int)&amp#27;[0m
12:02:27.359 [pool-2-thread-1] DEBUG net.thucydides.core.steps.StepInterceptor - STARTING STEP: OrdenStepsDefs.elCodigoDeRespuestaEs - Validar el código de respuesta {0}
12:02:27.376 [pool-2-thread-1] DEBUG net.thucydides.core.steps.StepInterceptor - STEP DONE: Validar el código de respuesta {0}
  &amp#27;[32mThen &amp#27;[0m&amp#27;[32mel codigo de respuesta es &amp#27;[0m&amp#27;[32m&amp#27;[1m200&amp#27;[0m &amp#27;[90m# com.nttdata.glue.OrdenStepsDefs.elCodigoDeRespuestaEs(int)&amp#27;[0m
12:02:27.383 [pool-2-thread-1] INFO  - 
  _____   ___   ___   _____     ___     _     ___   ___   ___   ___  
 |_   _| | __| / __| |_   _|   | _ \   /_\   / __| / __| | __| |   \ 
   | |   | _|  \__ \   | |     |  _/  / _ \  \__ \ \__ \ | _|  | |) |
   |_|   |___| |___/   |_|     |_|   /_/ \_\ |___/ |___/ |___| |___/ 

Crear orden
----------------------------------------------------------------------
]]></system-out>
  </testcase>
  <testcase name="Crear orden #2" classname="Gestion de ordenes" time="0.564">
    <system-out><![CDATA[
@gestionOrden @crearOrden
Scenario Outline: Crear orden        &amp#27;[90m# features/Gestionar_orden.feature:11&amp#27;[0m
12:02:27.389 [pool-2-thread-1] INFO io.cucumber.core.plugin.SerenityReporter - Running feature from classpath:features/Gestionar_orden.feature
12:02:27.395 [pool-2-thread-1] DEBUG net.thucydides.core.steps.StepInterceptor - STARTING STEP: OrdenStepsDefs.crearOrden - Crear orden {0} en PetStore
Request method:	POST
Request URI:	https://petstore.swagger.io/v2/store/order
Proxy:			<none>
Request params:	<none>
Query params:	<none>
Form params:	<none>
Path params:	<none>
Headers:		Accept=*/*
				Content-Type=application/json; charset=UTF-8
Cookies:		<none>
Multiparts:		<none>
Body:
{
    "id": 2,
    "petId": 0,
    "quantity": 0,
    "shipDate": "2024-08-28T13:12:00.899Z",
    "status": "placed",
    "complete": true
}
HTTP/1.1 200 OK
Date: Wed, 28 Aug 2024 17:02:29 GMT
Content-Type: application/json
Transfer-Encoding: chunked
Connection: keep-alive
Access-Control-Allow-Origin: *
Access-Control-Allow-Methods: GET, POST, DELETE, PUT
Access-Control-Allow-Headers: Content-Type, api_key, Authorization
Server: Jetty(9.2.9.v20150224)

{
    "id": 2,
    "petId": 0,
    "quantity": 0,
    "shipDate": "2024-08-28T13:12:00.899+0000",
    "status": "placed",
    "complete": true
}
12:02:27.939 [pool-2-thread-1] DEBUG net.thucydides.core.steps.StepInterceptor - STEP DONE: Crear orden {0} en PetStore
  &amp#27;[32mWhen &amp#27;[0m&amp#27;[32mcreo la orden con id &amp#27;[0m&amp#27;[32m&amp#27;[1m2&amp#27;[0m        &amp#27;[90m# com.nttdata.glue.OrdenStepsDefs.crearOrden(int)&amp#27;[0m
12:02:27.943 [pool-2-thread-1] DEBUG net.thucydides.core.steps.StepInterceptor - STARTING STEP: OrdenStepsDefs.elCodigoDeRespuestaEs - Validar el código de respuesta {0}
12:02:27.946 [pool-2-thread-1] DEBUG net.thucydides.core.steps.StepInterceptor - STEP DONE: Validar el código de respuesta {0}
  &amp#27;[32mThen &amp#27;[0m&amp#27;[32mel codigo de respuesta es &amp#27;[0m&amp#27;[32m&amp#27;[1m200&amp#27;[0m &amp#27;[90m# com.nttdata.glue.OrdenStepsDefs.elCodigoDeRespuestaEs(int)&amp#27;[0m
12:02:27.950 [pool-2-thread-1] INFO  - 
  _____   ___   ___   _____     ___     _     ___   ___   ___   ___  
 |_   _| | __| / __| |_   _|   | _ \   /_\   / __| / __| | __| |   \ 
   | |   | _|  \__ \   | |     |  _/  / _ \  \__ \ \__ \ | _|  | |) |
   |_|   |___| |___/   |_|     |_|   /_/ \_\ |___/ |___/ |___| |___/ 

Crear orden
----------------------------------------------------------------------
]]></system-out>
  </testcase>
  <testcase name="Crear orden #3" classname="Gestion de ordenes" time="0.589">
    <system-out><![CDATA[
@gestionOrden @crearOrden
Scenario Outline: Crear orden        &amp#27;[90m# features/Gestionar_orden.feature:12&amp#27;[0m
12:02:27.952 [pool-2-thread-1] INFO io.cucumber.core.plugin.SerenityReporter - Running feature from classpath:features/Gestionar_orden.feature
12:02:27.959 [pool-2-thread-1] DEBUG net.thucydides.core.steps.StepInterceptor - STARTING STEP: OrdenStepsDefs.crearOrden - Crear orden {0} en PetStore
Request method:	POST
Request URI:	https://petstore.swagger.io/v2/store/order
Proxy:			<none>
Request params:	<none>
Query params:	<none>
Form params:	<none>
Path params:	<none>
Headers:		Accept=*/*
				Content-Type=application/json; charset=UTF-8
Cookies:		<none>
Multiparts:		<none>
Body:
{
    "id": 3,
    "petId": 0,
    "quantity": 0,
    "shipDate": "2024-08-28T13:12:00.899Z",
    "status": "placed",
    "complete": true
}
HTTP/1.1 200 OK
Date: Wed, 28 Aug 2024 17:02:29 GMT
Content-Type: application/json
Transfer-Encoding: chunked
Connection: keep-alive
Access-Control-Allow-Origin: *
Access-Control-Allow-Methods: GET, POST, DELETE, PUT
Access-Control-Allow-Headers: Content-Type, api_key, Authorization
Server: Jetty(9.2.9.v20150224)

{
    "id": 3,
    "petId": 0,
    "quantity": 0,
    "shipDate": "2024-08-28T13:12:00.899+0000",
    "status": "placed",
    "complete": true
}
12:02:28.509 [pool-2-thread-1] DEBUG net.thucydides.core.steps.StepInterceptor - STEP DONE: Crear orden {0} en PetStore
  &amp#27;[32mWhen &amp#27;[0m&amp#27;[32mcreo la orden con id &amp#27;[0m&amp#27;[32m&amp#27;[1m3&amp#27;[0m        &amp#27;[90m# com.nttdata.glue.OrdenStepsDefs.crearOrden(int)&amp#27;[0m
12:02:28.527 [pool-2-thread-1] DEBUG net.thucydides.core.steps.StepInterceptor - STARTING STEP: OrdenStepsDefs.elCodigoDeRespuestaEs - Validar el código de respuesta {0}
12:02:28.529 [pool-2-thread-1] DEBUG net.thucydides.core.steps.StepInterceptor - STEP DONE: Validar el código de respuesta {0}
  &amp#27;[32mThen &amp#27;[0m&amp#27;[32mel codigo de respuesta es &amp#27;[0m&amp#27;[32m&amp#27;[1m200&amp#27;[0m &amp#27;[90m# com.nttdata.glue.OrdenStepsDefs.elCodigoDeRespuestaEs(int)&amp#27;[0m
]]></system-out>
  </testcase>
  <testcase name="Crear orden #4" classname="Gestion de ordenes" time="0.577">
    <system-out><![CDATA[
@gestionOrden @crearOrden
Scenario Outline: Crear orden        &amp#27;[90m# features/Gestionar_orden.feature:13&amp#27;[0m
12:02:28.543 [pool-2-thread-1] INFO io.cucumber.core.plugin.SerenityReporter - Running feature from classpath:features/Gestionar_orden.feature
12:02:28.559 [pool-2-thread-1] DEBUG net.thucydides.core.steps.StepInterceptor - STARTING STEP: OrdenStepsDefs.crearOrden - Crear orden {0} en PetStore
Request method:	POST
Request URI:	https://petstore.swagger.io/v2/store/order
Proxy:			<none>
Request params:	<none>
Query params:	<none>
Form params:	<none>
Path params:	<none>
Headers:		Accept=*/*
				Content-Type=application/json; charset=UTF-8
Cookies:		<none>
Multiparts:		<none>
Body:
{
    "id": 4,
    "petId": 0,
    "quantity": 0,
    "shipDate": "2024-08-28T13:12:00.899Z",
    "status": "placed",
    "complete": true
}
HTTP/1.1 200 OK
Date: Wed, 28 Aug 2024 17:02:30 GMT
Content-Type: application/json
Transfer-Encoding: chunked
Connection: keep-alive
Access-Control-Allow-Origin: *
Access-Control-Allow-Methods: GET, POST, DELETE, PUT
Access-Control-Allow-Headers: Content-Type, api_key, Authorization
Server: Jetty(9.2.9.v20150224)

{
    "id": 4,
    "petId": 0,
    "quantity": 0,
    "shipDate": "2024-08-28T13:12:00.899+0000",
    "status": "placed",
    "complete": true
}
12:02:29.110 [pool-2-thread-1] DEBUG net.thucydides.core.steps.StepInterceptor - STEP DONE: Crear orden {0} en PetStore
  &amp#27;[32mWhen &amp#27;[0m&amp#27;[32mcreo la orden con id &amp#27;[0m&amp#27;[32m&amp#27;[1m4&amp#27;[0m        &amp#27;[90m# com.nttdata.glue.OrdenStepsDefs.crearOrden(int)&amp#27;[0m
12:02:29.113 [pool-2-thread-1] DEBUG net.thucydides.core.steps.StepInterceptor - STARTING STEP: OrdenStepsDefs.elCodigoDeRespuestaEs - Validar el código de respuesta {0}
12:02:29.114 [pool-2-thread-1] DEBUG net.thucydides.core.steps.StepInterceptor - STEP DONE: Validar el código de respuesta {0}
  &amp#27;[32mThen &amp#27;[0m&amp#27;[32mel codigo de respuesta es &amp#27;[0m&amp#27;[32m&amp#27;[1m200&amp#27;[0m &amp#27;[90m# com.nttdata.glue.OrdenStepsDefs.elCodigoDeRespuestaEs(int)&amp#27;[0m
]]></system-out>
  </testcase>
  <testcase name="Crear orden #5" classname="Gestion de ordenes" time="0.546">
    <system-out><![CDATA[
@gestionOrden @crearOrden
Scenario Outline: Crear orden        &amp#27;[90m# features/Gestionar_orden.feature:14&amp#27;[0m
12:02:29.118 [pool-2-thread-1] INFO io.cucumber.core.plugin.SerenityReporter - Running feature from classpath:features/Gestionar_orden.feature
12:02:29.123 [pool-2-thread-1] DEBUG net.thucydides.core.steps.StepInterceptor - STARTING STEP: OrdenStepsDefs.crearOrden - Crear orden {0} en PetStore
Request method:	POST
Request URI:	https://petstore.swagger.io/v2/store/order
Proxy:			<none>
Request params:	<none>
Query params:	<none>
Form params:	<none>
Path params:	<none>
Headers:		Accept=*/*
				Content-Type=application/json; charset=UTF-8
Cookies:		<none>
Multiparts:		<none>
Body:
{
    "id": 5,
    "petId": 0,
    "quantity": 0,
    "shipDate": "2024-08-28T13:12:00.899Z",
    "status": "placed",
    "complete": true
}
HTTP/1.1 200 OK
Date: Wed, 28 Aug 2024 17:02:30 GMT
Content-Type: application/json
Transfer-Encoding: chunked
Connection: keep-alive
Access-Control-Allow-Origin: *
Access-Control-Allow-Methods: GET, POST, DELETE, PUT
Access-Control-Allow-Headers: Content-Type, api_key, Authorization
Server: Jetty(9.2.9.v20150224)

{
    "id": 5,
    "petId": 0,
    "quantity": 0,
    "shipDate": "2024-08-28T13:12:00.899+0000",
    "status": "placed",
    "complete": true
}
12:02:29.655 [pool-2-thread-1] DEBUG net.thucydides.core.steps.StepInterceptor - STEP DONE: Crear orden {0} en PetStore
  &amp#27;[32mWhen &amp#27;[0m&amp#27;[32mcreo la orden con id &amp#27;[0m&amp#27;[32m&amp#27;[1m5&amp#27;[0m        &amp#27;[90m# com.nttdata.glue.OrdenStepsDefs.crearOrden(int)&amp#27;[0m
12:02:29.659 [pool-2-thread-1] DEBUG net.thucydides.core.steps.StepInterceptor - STARTING STEP: OrdenStepsDefs.elCodigoDeRespuestaEs - Validar el código de respuesta {0}
12:02:29.659 [pool-2-thread-1] DEBUG net.thucydides.core.steps.StepInterceptor - STEP DONE: Validar el código de respuesta {0}
  &amp#27;[32mThen &amp#27;[0m&amp#27;[32mel codigo de respuesta es &amp#27;[0m&amp#27;[32m&amp#27;[1m200&amp#27;[0m &amp#27;[90m# com.nttdata.glue.OrdenStepsDefs.elCodigoDeRespuestaEs(int)&amp#27;[0m
]]></system-out>
  </testcase>
  <testcase name="Consultar orden #1" classname="Gestion de ordenes" time="0.586">
    <system-out><![CDATA[
@gestionOrden @consultarOrden
Scenario Outline: Consultar orden                                        &amp#27;[90m# features/Gestionar_orden.feature:24&amp#27;[0m
12:02:29.665 [pool-2-thread-1] INFO io.cucumber.core.plugin.SerenityReporter - Running feature from classpath:features/Gestionar_orden.feature
12:02:29.666 [pool-2-thread-1] INFO  - 
  _____   ___   ___   _____     ___   _____     _     ___   _____   ___   ___  
 |_   _| | __| / __| |_   _|   / __| |_   _|   /_\   | _ \ |_   _| | __| |   \ 
   | |   | _|  \__ \   | |     \__ \   | |    / _ \  |   /   | |   | _|  | |) |
   |_|   |___| |___/   |_|     |___/   |_|   /_/ \_\ |_|_\   |_|   |___| |___/ 

Consultar orden(gestion-de-ordenes;consultar-orden)
--------------------------------------------------------------------------------
12:02:29.676 [pool-2-thread-1] DEBUG net.thucydides.core.steps.StepInterceptor - STARTING STEP: OrdenStepsDefs.laUrlDelServicio - Definir URL base
12:02:29.676 [pool-2-thread-1] DEBUG net.thucydides.core.steps.StepInterceptor - STEP DONE: Definir URL base
  &amp#27;[32mGiven &amp#27;[0m&amp#27;[32mla url &amp#27;[0m&amp#27;[32m&amp#27;[1m"https://petstore.swagger.io/v2/store/order"&amp#27;[0m&amp#27;[32m del servicio&amp#27;[0m &amp#27;[90m# com.nttdata.glue.OrdenStepsDefs.laUrlDelServicio(java.lang.String)&amp#27;[0m
12:02:29.680 [pool-2-thread-1] DEBUG net.thucydides.core.steps.StepInterceptor - STARTING STEP: OrdenStepsDefs.consultarOrden - Consultar orden con id {0} en PetStore
Request method:	GET
Request URI:	https://petstore.swagger.io/v2/store/order/1
Proxy:			<none>
Request params:	<none>
Query params:	<none>
Form params:	<none>
Path params:	<none>
Headers:		Accept=*/*
				Content-Type=application/json; charset=UTF-8
Cookies:		<none>
Multiparts:		<none>
Body:			<none>
HTTP/1.1 200 OK
Date: Wed, 28 Aug 2024 17:02:31 GMT
Content-Type: application/json
Transfer-Encoding: chunked
Connection: keep-alive
Access-Control-Allow-Origin: *
Access-Control-Allow-Methods: GET, POST, DELETE, PUT
Access-Control-Allow-Headers: Content-Type, api_key, Authorization
Server: Jetty(9.2.9.v20150224)

{
    "id": 1,
    "petId": 0,
    "quantity": 0,
    "shipDate": "2024-08-28T13:12:00.899+0000",
    "status": "placed",
    "complete": true
}
12:02:30.237 [pool-2-thread-1] DEBUG net.thucydides.core.steps.StepInterceptor - STEP DONE: Consultar orden con id {0} en PetStore
  &amp#27;[32mWhen &amp#27;[0m&amp#27;[32mhago la consulta de la orden con id &amp#27;[0m&amp#27;[32m&amp#27;[1m1&amp#27;[0m                             &amp#27;[90m# com.nttdata.glue.OrdenStepsDefs.consultarOrden(int)&amp#27;[0m
12:02:30.241 [pool-2-thread-1] DEBUG net.thucydides.core.steps.StepInterceptor - STARTING STEP: OrdenStepsDefs.elCodigoDeRespuestaEs - Validar el código de respuesta {0}
12:02:30.241 [pool-2-thread-1] DEBUG net.thucydides.core.steps.StepInterceptor - STEP DONE: Validar el código de respuesta {0}
  &amp#27;[32mThen &amp#27;[0m&amp#27;[32mel codigo de respuesta es &amp#27;[0m&amp#27;[32m&amp#27;[1m200&amp#27;[0m                                     &amp#27;[90m# com.nttdata.glue.OrdenStepsDefs.elCodigoDeRespuestaEs(int)&amp#27;[0m
12:02:30.244 [pool-2-thread-1] DEBUG net.thucydides.core.steps.StepInterceptor - STARTING STEP: OrdenStepsDefs.imprimirOrden - Imprimir detalles de la orden
HTTP/1.1 200 OK
Date: Wed, 28 Aug 2024 17:02:31 GMT
Content-Type: application/json
Transfer-Encoding: chunked
Connection: keep-alive
Access-Control-Allow-Origin: *
Access-Control-Allow-Methods: GET, POST, DELETE, PUT
Access-Control-Allow-Headers: Content-Type, api_key, Authorization
Server: Jetty(9.2.9.v20150224)

{
    "id": 1,
    "petId": 0,
    "quantity": 0,
    "shipDate": "2024-08-28T13:12:00.899+0000",
    "status": "placed",
    "complete": true
}
12:02:30.245 [pool-2-thread-1] DEBUG net.thucydides.core.steps.StepInterceptor - STEP DONE: Imprimir detalles de la orden
  &amp#27;[32mAnd &amp#27;[0m&amp#27;[32mimprimo la orden&amp#27;[0m                                                   &amp#27;[90m# com.nttdata.glue.OrdenStepsDefs.imprimirOrden()&amp#27;[0m
12:02:30.248 [pool-2-thread-1] INFO  - 
  _____   ___   ___   _____     ___     _     ___   ___   ___   ___  
 |_   _| | __| / __| |_   _|   | _ \   /_\   / __| / __| | __| |   \ 
   | |   | _|  \__ \   | |     |  _/  / _ \  \__ \ \__ \ | _|  | |) |
   |_|   |___| |___/   |_|     |_|   /_/ \_\ |___/ |___/ |___| |___/ 

Consultar orden
----------------------------------------------------------------------
]]></system-out>
  </testcase>
  <testcase name="Consultar orden #2" classname="Gestion de ordenes" time="0.558">
    <system-out><![CDATA[
@gestionOrden @consultarOrden
Scenario Outline: Consultar orden                                        &amp#27;[90m# features/Gestionar_orden.feature:25&amp#27;[0m
12:02:30.251 [pool-2-thread-1] INFO io.cucumber.core.plugin.SerenityReporter - Running feature from classpath:features/Gestionar_orden.feature
12:02:30.258 [pool-2-thread-1] DEBUG net.thucydides.core.steps.StepInterceptor - STARTING STEP: OrdenStepsDefs.laUrlDelServicio - Definir URL base
12:02:30.258 [pool-2-thread-1] DEBUG net.thucydides.core.steps.StepInterceptor - STEP DONE: Definir URL base
  &amp#27;[32mGiven &amp#27;[0m&amp#27;[32mla url &amp#27;[0m&amp#27;[32m&amp#27;[1m"https://petstore.swagger.io/v2/store/order"&amp#27;[0m&amp#27;[32m del servicio&amp#27;[0m &amp#27;[90m# com.nttdata.glue.OrdenStepsDefs.laUrlDelServicio(java.lang.String)&amp#27;[0m
12:02:30.263 [pool-2-thread-1] DEBUG net.thucydides.core.steps.StepInterceptor - STARTING STEP: OrdenStepsDefs.consultarOrden - Consultar orden con id {0} en PetStore
Request method:	GET
Request URI:	https://petstore.swagger.io/v2/store/order/2
Proxy:			<none>
Request params:	<none>
Query params:	<none>
Form params:	<none>
Path params:	<none>
Headers:		Accept=*/*
				Content-Type=application/json; charset=UTF-8
Cookies:		<none>
Multiparts:		<none>
Body:			<none>
HTTP/1.1 200 OK
Date: Wed, 28 Aug 2024 17:02:32 GMT
Content-Type: application/json
Transfer-Encoding: chunked
Connection: keep-alive
Access-Control-Allow-Origin: *
Access-Control-Allow-Methods: GET, POST, DELETE, PUT
Access-Control-Allow-Headers: Content-Type, api_key, Authorization
Server: Jetty(9.2.9.v20150224)

{
    "id": 2,
    "petId": 0,
    "quantity": 0,
    "shipDate": "2024-08-28T13:12:00.899+0000",
    "status": "placed",
    "complete": true
}
12:02:30.795 [pool-2-thread-1] DEBUG net.thucydides.core.steps.StepInterceptor - STEP DONE: Consultar orden con id {0} en PetStore
  &amp#27;[32mWhen &amp#27;[0m&amp#27;[32mhago la consulta de la orden con id &amp#27;[0m&amp#27;[32m&amp#27;[1m2&amp#27;[0m                             &amp#27;[90m# com.nttdata.glue.OrdenStepsDefs.consultarOrden(int)&amp#27;[0m
12:02:30.799 [pool-2-thread-1] DEBUG net.thucydides.core.steps.StepInterceptor - STARTING STEP: OrdenStepsDefs.elCodigoDeRespuestaEs - Validar el código de respuesta {0}
12:02:30.799 [pool-2-thread-1] DEBUG net.thucydides.core.steps.StepInterceptor - STEP DONE: Validar el código de respuesta {0}
  &amp#27;[32mThen &amp#27;[0m&amp#27;[32mel codigo de respuesta es &amp#27;[0m&amp#27;[32m&amp#27;[1m200&amp#27;[0m                                     &amp#27;[90m# com.nttdata.glue.OrdenStepsDefs.elCodigoDeRespuestaEs(int)&amp#27;[0m
12:02:30.802 [pool-2-thread-1] DEBUG net.thucydides.core.steps.StepInterceptor - STARTING STEP: OrdenStepsDefs.imprimirOrden - Imprimir detalles de la orden
HTTP/1.1 200 OK
Date: Wed, 28 Aug 2024 17:02:32 GMT
Content-Type: application/json
Transfer-Encoding: chunked
Connection: keep-alive
Access-Control-Allow-Origin: *
Access-Control-Allow-Methods: GET, POST, DELETE, PUT
Access-Control-Allow-Headers: Content-Type, api_key, Authorization
Server: Jetty(9.2.9.v20150224)

{
    "id": 2,
    "petId": 0,
    "quantity": 0,
    "shipDate": "2024-08-28T13:12:00.899+0000",
    "status": "placed",
    "complete": true
}
12:02:30.804 [pool-2-thread-1] DEBUG net.thucydides.core.steps.StepInterceptor - STEP DONE: Imprimir detalles de la orden
  &amp#27;[32mAnd &amp#27;[0m&amp#27;[32mimprimo la orden&amp#27;[0m                                                   &amp#27;[90m# com.nttdata.glue.OrdenStepsDefs.imprimirOrden()&amp#27;[0m
12:02:30.807 [pool-2-thread-1] INFO  - 
  _____   ___   ___   _____     ___     _     ___   ___   ___   ___  
 |_   _| | __| / __| |_   _|   | _ \   /_\   / __| / __| | __| |   \ 
   | |   | _|  \__ \   | |     |  _/  / _ \  \__ \ \__ \ | _|  | |) |
   |_|   |___| |___/   |_|     |_|   /_/ \_\ |___/ |___/ |___| |___/ 

Consultar orden
----------------------------------------------------------------------
]]></system-out>
  </testcase>
  <testcase name="Consultar orden #3" classname="Gestion de ordenes" time="0.586">
    <system-out><![CDATA[
@gestionOrden @consultarOrden
Scenario Outline: Consultar orden                                        &amp#27;[90m# features/Gestionar_orden.feature:26&amp#27;[0m
12:02:30.809 [pool-2-thread-1] INFO io.cucumber.core.plugin.SerenityReporter - Running feature from classpath:features/Gestionar_orden.feature
12:02:30.814 [pool-2-thread-1] DEBUG net.thucydides.core.steps.StepInterceptor - STARTING STEP: OrdenStepsDefs.laUrlDelServicio - Definir URL base
12:02:30.814 [pool-2-thread-1] DEBUG net.thucydides.core.steps.StepInterceptor - STEP DONE: Definir URL base
  &amp#27;[32mGiven &amp#27;[0m&amp#27;[32mla url &amp#27;[0m&amp#27;[32m&amp#27;[1m"https://petstore.swagger.io/v2/store/order"&amp#27;[0m&amp#27;[32m del servicio&amp#27;[0m &amp#27;[90m# com.nttdata.glue.OrdenStepsDefs.laUrlDelServicio(java.lang.String)&amp#27;[0m
12:02:30.817 [pool-2-thread-1] DEBUG net.thucydides.core.steps.StepInterceptor - STARTING STEP: OrdenStepsDefs.consultarOrden - Consultar orden con id {0} en PetStore
Request method:	GET
Request URI:	https://petstore.swagger.io/v2/store/order/3
Proxy:			<none>
Request params:	<none>
Query params:	<none>
Form params:	<none>
Path params:	<none>
Headers:		Accept=*/*
				Content-Type=application/json; charset=UTF-8
Cookies:		<none>
Multiparts:		<none>
Body:			<none>
HTTP/1.1 200 OK
Date: Wed, 28 Aug 2024 17:02:32 GMT
Content-Type: application/json
Transfer-Encoding: chunked
Connection: keep-alive
Access-Control-Allow-Origin: *
Access-Control-Allow-Methods: GET, POST, DELETE, PUT
Access-Control-Allow-Headers: Content-Type, api_key, Authorization
Server: Jetty(9.2.9.v20150224)

{
    "id": 3,
    "petId": 0,
    "quantity": 0,
    "shipDate": "2024-08-28T13:12:00.899+0000",
    "status": "placed",
    "complete": true
}
12:02:31.362 [pool-2-thread-1] DEBUG net.thucydides.core.steps.StepInterceptor - STEP DONE: Consultar orden con id {0} en PetStore
  &amp#27;[32mWhen &amp#27;[0m&amp#27;[32mhago la consulta de la orden con id &amp#27;[0m&amp#27;[32m&amp#27;[1m3&amp#27;[0m                             &amp#27;[90m# com.nttdata.glue.OrdenStepsDefs.consultarOrden(int)&amp#27;[0m
12:02:31.373 [pool-2-thread-1] DEBUG net.thucydides.core.steps.StepInterceptor - STARTING STEP: OrdenStepsDefs.elCodigoDeRespuestaEs - Validar el código de respuesta {0}
12:02:31.376 [pool-2-thread-1] DEBUG net.thucydides.core.steps.StepInterceptor - STEP DONE: Validar el código de respuesta {0}
  &amp#27;[32mThen &amp#27;[0m&amp#27;[32mel codigo de respuesta es &amp#27;[0m&amp#27;[32m&amp#27;[1m200&amp#27;[0m                                     &amp#27;[90m# com.nttdata.glue.OrdenStepsDefs.elCodigoDeRespuestaEs(int)&amp#27;[0m
12:02:31.387 [pool-2-thread-1] DEBUG net.thucydides.core.steps.StepInterceptor - STARTING STEP: OrdenStepsDefs.imprimirOrden - Imprimir detalles de la orden
HTTP/1.1 200 OK
Date: Wed, 28 Aug 2024 17:02:32 GMT
Content-Type: application/json
Transfer-Encoding: chunked
Connection: keep-alive
Access-Control-Allow-Origin: *
Access-Control-Allow-Methods: GET, POST, DELETE, PUT
Access-Control-Allow-Headers: Content-Type, api_key, Authorization
Server: Jetty(9.2.9.v20150224)

{
    "id": 3,
    "petId": 0,
    "quantity": 0,
    "shipDate": "2024-08-28T13:12:00.899+0000",
    "status": "placed",
    "complete": true
}
12:02:31.389 [pool-2-thread-1] DEBUG net.thucydides.core.steps.StepInterceptor - STEP DONE: Imprimir detalles de la orden
  &amp#27;[32mAnd &amp#27;[0m&amp#27;[32mimprimo la orden&amp#27;[0m                                                   &amp#27;[90m# com.nttdata.glue.OrdenStepsDefs.imprimirOrden()&amp#27;[0m
]]></system-out>
  </testcase>
  <testcase name="Consultar orden #4" classname="Gestion de ordenes" time="0.599">
    <system-out><![CDATA[
@gestionOrden @consultarOrden
Scenario Outline: Consultar orden                                        &amp#27;[90m# features/Gestionar_orden.feature:27&amp#27;[0m
12:02:31.395 [pool-2-thread-1] INFO io.cucumber.core.plugin.SerenityReporter - Running feature from classpath:features/Gestionar_orden.feature
12:02:31.401 [pool-2-thread-1] DEBUG net.thucydides.core.steps.StepInterceptor - STARTING STEP: OrdenStepsDefs.laUrlDelServicio - Definir URL base
12:02:31.401 [pool-2-thread-1] DEBUG net.thucydides.core.steps.StepInterceptor - STEP DONE: Definir URL base
  &amp#27;[32mGiven &amp#27;[0m&amp#27;[32mla url &amp#27;[0m&amp#27;[32m&amp#27;[1m"https://petstore.swagger.io/v2/store/order"&amp#27;[0m&amp#27;[32m del servicio&amp#27;[0m &amp#27;[90m# com.nttdata.glue.OrdenStepsDefs.laUrlDelServicio(java.lang.String)&amp#27;[0m
12:02:31.406 [pool-2-thread-1] DEBUG net.thucydides.core.steps.StepInterceptor - STARTING STEP: OrdenStepsDefs.consultarOrden - Consultar orden con id {0} en PetStore
Request method:	GET
Request URI:	https://petstore.swagger.io/v2/store/order/4
Proxy:			<none>
Request params:	<none>
Query params:	<none>
Form params:	<none>
Path params:	<none>
Headers:		Accept=*/*
				Content-Type=application/json; charset=UTF-8
Cookies:		<none>
Multiparts:		<none>
Body:			<none>
HTTP/1.1 200 OK
Date: Wed, 28 Aug 2024 17:02:33 GMT
Content-Type: application/json
Transfer-Encoding: chunked
Connection: keep-alive
Access-Control-Allow-Origin: *
Access-Control-Allow-Methods: GET, POST, DELETE, PUT
Access-Control-Allow-Headers: Content-Type, api_key, Authorization
Server: Jetty(9.2.9.v20150224)

{
    "id": 4,
    "petId": 0,
    "quantity": 0,
    "shipDate": "2024-08-28T13:12:00.899+0000",
    "status": "placed",
    "complete": true
}
12:02:31.959 [pool-2-thread-1] DEBUG net.thucydides.core.steps.StepInterceptor - STEP DONE: Consultar orden con id {0} en PetStore
  &amp#27;[32mWhen &amp#27;[0m&amp#27;[32mhago la consulta de la orden con id &amp#27;[0m&amp#27;[32m&amp#27;[1m4&amp#27;[0m                             &amp#27;[90m# com.nttdata.glue.OrdenStepsDefs.consultarOrden(int)&amp#27;[0m
12:02:31.971 [pool-2-thread-1] DEBUG net.thucydides.core.steps.StepInterceptor - STARTING STEP: OrdenStepsDefs.elCodigoDeRespuestaEs - Validar el código de respuesta {0}
12:02:31.972 [pool-2-thread-1] DEBUG net.thucydides.core.steps.StepInterceptor - STEP DONE: Validar el código de respuesta {0}
  &amp#27;[32mThen &amp#27;[0m&amp#27;[32mel codigo de respuesta es &amp#27;[0m&amp#27;[32m&amp#27;[1m200&amp#27;[0m                                     &amp#27;[90m# com.nttdata.glue.OrdenStepsDefs.elCodigoDeRespuestaEs(int)&amp#27;[0m
12:02:31.983 [pool-2-thread-1] DEBUG net.thucydides.core.steps.StepInterceptor - STARTING STEP: OrdenStepsDefs.imprimirOrden - Imprimir detalles de la orden
HTTP/1.1 200 OK
Date: Wed, 28 Aug 2024 17:02:33 GMT
Content-Type: application/json
Transfer-Encoding: chunked
Connection: keep-alive
Access-Control-Allow-Origin: *
Access-Control-Allow-Methods: GET, POST, DELETE, PUT
Access-Control-Allow-Headers: Content-Type, api_key, Authorization
Server: Jetty(9.2.9.v20150224)

{
    "id": 4,
    "petId": 0,
    "quantity": 0,
    "shipDate": "2024-08-28T13:12:00.899+0000",
    "status": "placed",
    "complete": true
}
12:02:31.985 [pool-2-thread-1] DEBUG net.thucydides.core.steps.StepInterceptor - STEP DONE: Imprimir detalles de la orden
  &amp#27;[32mAnd &amp#27;[0m&amp#27;[32mimprimo la orden&amp#27;[0m                                                   &amp#27;[90m# com.nttdata.glue.OrdenStepsDefs.imprimirOrden()&amp#27;[0m
]]></system-out>
  </testcase>
  <testcase name="Consultar orden #5" classname="Gestion de ordenes" time="0.597">
    <system-out><![CDATA[
@gestionOrden @consultarOrden
Scenario Outline: Consultar orden                                        &amp#27;[90m# features/Gestionar_orden.feature:28&amp#27;[0m
12:02:31.995 [pool-2-thread-1] INFO io.cucumber.core.plugin.SerenityReporter - Running feature from classpath:features/Gestionar_orden.feature
12:02:32.006 [pool-2-thread-1] DEBUG net.thucydides.core.steps.StepInterceptor - STARTING STEP: OrdenStepsDefs.laUrlDelServicio - Definir URL base
12:02:32.007 [pool-2-thread-1] DEBUG net.thucydides.core.steps.StepInterceptor - STEP DONE: Definir URL base
  &amp#27;[32mGiven &amp#27;[0m&amp#27;[32mla url &amp#27;[0m&amp#27;[32m&amp#27;[1m"https://petstore.swagger.io/v2/store/order"&amp#27;[0m&amp#27;[32m del servicio&amp#27;[0m &amp#27;[90m# com.nttdata.glue.OrdenStepsDefs.laUrlDelServicio(java.lang.String)&amp#27;[0m
12:02:32.015 [pool-2-thread-1] DEBUG net.thucydides.core.steps.StepInterceptor - STARTING STEP: OrdenStepsDefs.consultarOrden - Consultar orden con id {0} en PetStore
Request method:	GET
Request URI:	https://petstore.swagger.io/v2/store/order/5
Proxy:			<none>
Request params:	<none>
Query params:	<none>
Form params:	<none>
Path params:	<none>
Headers:		Accept=*/*
				Content-Type=application/json; charset=UTF-8
Cookies:		<none>
Multiparts:		<none>
Body:			<none>
HTTP/1.1 200 OK
Date: Wed, 28 Aug 2024 17:02:33 GMT
Content-Type: application/json
Transfer-Encoding: chunked
Connection: keep-alive
Access-Control-Allow-Origin: *
Access-Control-Allow-Methods: GET, POST, DELETE, PUT
Access-Control-Allow-Headers: Content-Type, api_key, Authorization
Server: Jetty(9.2.9.v20150224)

{
    "id": 5,
    "petId": 0,
    "quantity": 0,
    "shipDate": "2024-08-28T13:12:00.899+0000",
    "status": "placed",
    "complete": true
}
12:02:32.563 [pool-2-thread-1] DEBUG net.thucydides.core.steps.StepInterceptor - STEP DONE: Consultar orden con id {0} en PetStore
  &amp#27;[32mWhen &amp#27;[0m&amp#27;[32mhago la consulta de la orden con id &amp#27;[0m&amp#27;[32m&amp#27;[1m5&amp#27;[0m                             &amp#27;[90m# com.nttdata.glue.OrdenStepsDefs.consultarOrden(int)&amp#27;[0m
12:02:32.572 [pool-2-thread-1] DEBUG net.thucydides.core.steps.StepInterceptor - STARTING STEP: OrdenStepsDefs.elCodigoDeRespuestaEs - Validar el código de respuesta {0}
12:02:32.573 [pool-2-thread-1] DEBUG net.thucydides.core.steps.StepInterceptor - STEP DONE: Validar el código de respuesta {0}
  &amp#27;[32mThen &amp#27;[0m&amp#27;[32mel codigo de respuesta es &amp#27;[0m&amp#27;[32m&amp#27;[1m200&amp#27;[0m                                     &amp#27;[90m# com.nttdata.glue.OrdenStepsDefs.elCodigoDeRespuestaEs(int)&amp#27;[0m
12:02:32.580 [pool-2-thread-1] DEBUG net.thucydides.core.steps.StepInterceptor - STARTING STEP: OrdenStepsDefs.imprimirOrden - Imprimir detalles de la orden
HTTP/1.1 200 OK
Date: Wed, 28 Aug 2024 17:02:33 GMT
Content-Type: application/json
Transfer-Encoding: chunked
Connection: keep-alive
Access-Control-Allow-Origin: *
Access-Control-Allow-Methods: GET, POST, DELETE, PUT
Access-Control-Allow-Headers: Content-Type, api_key, Authorization
Server: Jetty(9.2.9.v20150224)

{
    "id": 5,
    "petId": 0,
    "quantity": 0,
    "shipDate": "2024-08-28T13:12:00.899+0000",
    "status": "placed",
    "complete": true
}
12:02:32.581 [pool-2-thread-1] DEBUG net.thucydides.core.steps.StepInterceptor - STEP DONE: Imprimir detalles de la orden
  &amp#27;[32mAnd &amp#27;[0m&amp#27;[32mimprimo la orden&amp#27;[0m                                                   &amp#27;[90m# com.nttdata.glue.OrdenStepsDefs.imprimirOrden()&amp#27;[0m
]]></system-out>
  </testcase>
</testsuite>